Arguments: 
  /usr/local/bin/node /usr/local/Cellar/yarn/1.10.1/libexec/bin/yarn.js add -D documa

PATH: 
  /usr/local/bin:/usr/bin:/bin:/usr/sbin:/sbin

Yarn version: 
  1.10.1

Node version: 
  8.12.0

Platform: 
  darwin x64

Trace: 
  Error: https://registry.yarnpkg.com/documa: Not found
      at Request.params.callback [as _callback] (/usr/local/Cellar/yarn/1.10.1/libexec/lib/cli.js:61073:18)
      at Request.self.callback (/usr/local/Cellar/yarn/1.10.1/libexec/lib/cli.js:120166:22)
      at emitTwo (events.js:126:13)
      at Request.emit (events.js:214:7)
      at Request.<anonymous> (/usr/local/Cellar/yarn/1.10.1/libexec/lib/cli.js:121138:10)
      at emitOne (events.js:116:13)
      at Request.emit (events.js:211:7)
      at IncomingMessage.<anonymous> (/usr/local/Cellar/yarn/1.10.1/libexec/lib/cli.js:121060:12)
      at Object.onceWrapper (events.js:313:30)
      at emitNone (events.js:111:20)

npm manifest: 
  {
    "name": "iridium-api-documentation",
    "version": "0.1.0",
    "description": "API documentation for Iridium.",
    "repository": {
      "type": "git",
      "url": "git+https://github.com/Yamazaki93/Iridium-API-Documentation.git"
    },
    "author": "Michael Lu",
    "license": "MIT",
    "bugs": {
      "url": "https://github.com/Yamazaki93/Iridium-API-Documentation/issues"
    },
    "homepage": "https://github.com/Yamazaki93/Iridium-API-Documentation#readme"
  }

yarn manifest: 
  No manifest

Lockfile: 
  No lockfile
